make --dry-run --always-make --keep-going --print-directory
make: Entering directory `/Users/minsukan/Desktop/42/fdf'
cc -Wall -Wextra -Werror -c create_map.c -o create_map.o
 
cc -Wall -Wextra -Werror -c draw_line.c -o draw_line.o
cc -Wall -Wextra -Werror -c draw.c -o draw.o
cc -Wall -Wextra -Werror -c fdf_main.c -o fdf_main.o
cc -Wall -Wextra -Werror -c ft_atoi.c -o ft_atoi.o
cc -Wall -Wextra -Werror -c get_next_line_bonus.c -o get_next_line_bonus.o
cc -Wall -Wextra -Werror -c get_next_line_utils_bonus.c -o get_next_line_utils_bonus.o
cc -Wall -Wextra -Werror -c projection.c -o projection.o
cc -Wall -Wextra -Werror -c key_input.c -o key_input.o
cc -Wall -Wextra -Werror -c list.c -o list.o
cc -Wall -Wextra -Werror -c make_arr.c -o make_arr.o
cc -Wall -Wextra -Werror -c make_xy.c -o make_xy.o
cc -Wall -Wextra -Werror -c position_setting.c -o position_setting.o
cc -Wall -Wextra -Werror -c rotate.c -o rotate.o
cc -Wall -Wextra -Werror -c split.c -o split.o
cc -Wall -Wextra -Werror -c utils.c -o utils.o
 
cc -Wall -Wextra -Werror -c same_line.c -o same_line.o
cc create_map.o draw_line.o draw.o fdf_main.o ft_atoi.o get_next_line_bonus.o get_next_line_utils_bonus.o projection.o key_input.o list.o make_arr.o make_xy.o position_setting.o rotate.o split.o utils.o same_line.o -o fdf -Lminilibx -lmlx -framework OpenGL -framework Appkit
make: Leaving directory `/Users/minsukan/Desktop/42/fdf'
 
