make all --print-data-base --no-builtin-variables --no-builtin-rules --question
# GNU Make 3.81
# Copyright (C) 2006  Free Software Foundation, Inc.
# This is free software; see the source for copying conditions.
# There is NO warranty; not even for MERCHANTABILITY or FITNESS FOR A
# PARTICULAR PURPOSE.

# This program built for i386-apple-darwin11.3.0
 

# Make data base, printed on Sun Aug 28 17:22:38 2022

# Variables

# automatic
<D = $(patsubst %/,%,$(dir $<))
# automatic
?F = $(notdir $?)
# environment
 
ELECTRON_NO_ATTACH_CONSOLE = 1
# environment
VSCODE_LOG_NATIVE = false
# automatic
?D = $(patsubst %/,%,$(dir $?))
# automatic
@D = $(patsubst %/,%,$(dir $@))
# automatic
@F = $(notdir $@)
# makefile
CURDIR := /Users/minsukan/Desktop/42/fdf
# makefile
SHELL = /bin/sh
# makefile (from `Makefile', line 25)
RM = rm -f
# environment
VSCODE_NLS_CONFIG = {"locale":"ko","availableLanguages":{"*":"ko"},"_languagePackId":"738ac08552cca045871a73764b8c446f.ko","_translationsConfigFile":"/Users/minsukan/Library/Application Support/Code/clp/738ac08552cca045871a73764b8c446f.ko/tcf.json","_cacheRoot":"/Users/minsukan/Library/Application Support/Code/clp/738ac08552cca045871a73764b8c446f.ko","_resolvedLanguagePackCoreLocation":"/Users/minsukan/Library/Application Support/Code/clp/738ac08552cca045871a73764b8c446f.ko/c3511e6c69bb39013c4a4b7b9566ec1ca73fc4d5","_corruptedFile":"/Users/minsukan/Library/Application Support/Code/clp/738ac08552cca045871a73764b8c446f.ko/corrupted.info","_languagePackSupport":true}
# environment
_ = /usr/bin/make
# makefile (from `Makefile', line 2)
CFLAGS = -Wall -Wextra -Werror
# makefile (from `Makefile', line 1)
MAKEFILE_LIST :=  Makefile
# environment
VSCODE_VERBOSE_LOGGING = true
# makefile (from `Makefile', line 22)
OBJS = $(SRCS:.c=.o)
# environment
VSCODE_IPC_HOOK_EXTHOST = /var/folders/zz/zyxvpxvq6csfxvn_n000cr2h00360m/T/vscode-ipc-0acd6ad1-1bd1-4f1b-a3ba-85147b5d1e64.sock
# environment
VSCODE_CWD = /Users/minsukan/Desktop/42/fdf
# environment
PATH = /Applications/Visual Studio Code.app/Contents/Resources/app/bin:/usr/local/bin:/usr/bin:/bin:/usr/sbin:/sbin:/usr/local/munki
# environment
LSCOLORS = Gxfxcxdxbxegedabagacad
# environment
VSCODE_LOG_STACK = false
# environment
ELECTRON_RUN_AS_NODE = 1
# default
.FEATURES := target-specific order-only second-expansion else-if archives jobserver check-symlink
# environment
SSH_AUTH_SOCK = /private/tmp/com.apple.launchd.5ujpKY6taP/Listeners
# automatic
%F = $(notdir $%)
# environment
VSCODE_PIPE_LOGGING = true
# environment
PWD = /Users/minsukan/Desktop/42/fdf
# environment
ORIGINAL_XDG_CURRENT_DESKTOP = undefined
# environment
VSCODE_AMD_ENTRYPOINT = vs/workbench/api/node/extensionHostProcess
# environment
HOME = /Users/minsukan
# default
MAKEFILEPATH := /Applications/Xcode.app/Contents/Developer/Makefiles
# environment
VSCODE_CLI = 1
# environment
VSCODE_CODE_CACHE_PATH = /Users/minsukan/Library/Application Support/Code/CachedData/c3511e6c69bb39013c4a4b7b9566ec1ca73fc4d5
# environment
LOGNAME = minsukan
# environment
APPLICATION_INSIGHTS_NO_DIAGNOSTIC_CHANNEL = 1
# environment
ZSH = /Users/minsukan/.oh-my-zsh
# environment
VSCODE_HANDLES_UNCAUGHT_ERRORS = true
# automatic
^D = $(patsubst %/,%,$(dir $^))
# environment
XPC_FLAGS = 0x0
# environment
COLORTERM = truecolor
# default
MAKE = $(MAKE_COMMAND)
# environment
LC_TERMINAL = iTerm2
# makefile (from `Makefile', line 3)
SRCS = create_map.c draw_line.c draw.c fdf_main.c ft_atoi.c get_next_line_bonus.c get_next_line_utils_bonus.c projection.c key_input.c list.c make_arr.c make_xy.c position_setting.c rotate.c split.c utils.c				
# environment
SHLVL = 3
# makefile (from `Makefile', line 1)
CC = cc
# default
MAKE_VERSION := 3.81
# environment
USER = minsukan
# makefile
.DEFAULT_GOAL := all
# default
MAKECMDGOALS := all
# environment
TERM_SESSION_ID = w0t0p0:F92DA1E2-5941-48A1-8787-BA9D4EBA74C3
# makefile (from `Makefile', line 21)
NAME = fdf
# environment
LESS = -R
# automatic
%D = $(patsubst %/,%,$(dir $%))
# default
MAKE_COMMAND := /Applications/Xcode.app/Contents/Developer/usr/bin/make
# environment
TERM_PROGRAM = iTerm.app
# default
.VARIABLES := 
# environment
TMPDIR = /var/folders/zz/zyxvpxvq6csfxvn_n000cr2h00360m/T/
# automatic
*F = $(notdir $*)
# environment
VSCODE_IPC_HOOK = /Users/minsukan/Library/Application Support/Code/1.67.2-main.sock
# makefile
MAKEFLAGS = Rrqp
# environment
MFLAGS = -Rrqp
# automatic
*D = $(patsubst %/,%,$(dir $*))
# environment
TERM_PROGRAM_VERSION = 3.3.7
# environment
XPC_SERVICE_NAME = 0
# environment
LC_TERMINAL_VERSION = 3.3.7
# automatic
+D = $(patsubst %/,%,$(dir $+))
# automatic
+F = $(notdir $+)
# environment
ITERM_SESSION_ID = w0t0p0:F92DA1E2-5941-48A1-8787-BA9D4EBA74C3
# environment
COLORFGBG = 7;0
# environment
__CF_USER_TEXT_ENCODING = 0x19814:0x3:0x33
# default
MAKEFILES := 
# automatic
<F = $(notdir $<)
# environment
ITERM_PROFILE = Default
# environment
PAGER = less
 
# environment
LC_ALL = C
# automatic
^F = $(notdir $^)
# default
SUFFIXES := 
# default
.INCLUDE_DIRS = /usr/local/include
# environment
MAKELEVEL := 0
# environment
LANG = C
# environment
TERM = xterm-256color
# environment
VSCODE_PID = 93812
# variable set hash-table stats:
# Load=82/1024=8%, Rehash=0, Collisions=6/114=5%

# Pattern-specific Variable Values

# No pattern-specific variable values.

# Directories

# . (device 16777225, inode 2008606): 35 files, no impossibilities.

# 35 files, no impossibilities in 1 directories.

# Implicit Rules

%.o: %.c
#  commands to execute (from `Makefile', line 35):
	$(CC) $(CFLAGS) -c $^ -o $@
	

# 1 implicit rules, 0 (0.0%) terminal.

# Files

# Not a target:
fdf_main.c:
#  Implicit rule search has been done.
#  Last modified 2022-08-28 17:02:08
#  File has been updated.
#  Successfully updated.
# variable set hash-table stats:
# Load=0/32=0%, Rehash=0, Collisions=0/0=0%

# Not a target:
make_arr.c:
#  Implicit rule search has been done.
#  Last modified 2022-08-28 16:49:43
#  File has been updated.
#  Successfully updated.
# variable set hash-table stats:
# Load=0/32=0%, Rehash=0, Collisions=0/0=0%

# Not a target:
create_map.c:
#  Implicit rule search has been done.
#  Last modified 2022-08-28 16:46:18
#  File has been updated.
#  Successfully updated.
# variable set hash-table stats:
# Load=0/32=0%, Rehash=0, Collisions=0/0=0%

# Not a target:
list.c:
#  Implicit rule search has been done.
#  Last modified 2022-08-28 16:50:22
#  File has been updated.
#  Successfully updated.
# variable set hash-table stats:
# Load=0/32=0%, Rehash=0, Collisions=0/0=0%

all: fdf
#  Phony target (prerequisite of .PHONY).
#  Command-line target.
#  Implicit rule search has not been done.
#  File does not exist.
#  File has been updated.
#  Needs to be updated (-q is set).
# variable set hash-table stats:
# Load=0/32=0%, Rehash=0, Collisions=0/4=0%

.PHONY: all clean fclean re
#  Implicit rule search has not been done.
#  Modification time never checked.
#  File has not been updated.

projection.o: projection.c
#  Implicit rule search has been done.
#  Implicit/static pattern stem: `projection'
#  Last modified 2022-08-28 17:22:02
#  File has been updated.
#  Successfully updated.
# variable set hash-table stats:
# Load=0/32=0%, Rehash=0, Collisions=0/0=0%
#  commands to execute (from `Makefile', line 35):
	$(CC) $(CFLAGS) -c $^ -o $@
	

# Not a target:
rotate.o:
#  Implicit rule search has not been done.
#  Modification time never checked.
#  File has not been updated.

# Not a target:
key_input.c:
#  Implicit rule search has been done.
#  Last modified 2022-08-28 16:52:34
#  File has been updated.
#  Successfully updated.
# variable set hash-table stats:
# Load=0/32=0%, Rehash=0, Collisions=0/0=0%

# Not a target:
ft_atoi.c:
#  Implicit rule search has been done.
#  Last modified 2022-08-20 15:52:57
#  File has been updated.
#  Successfully updated.
# variable set hash-table stats:
# Load=0/32=0%, Rehash=0, Collisions=0/0=0%

# Not a target:
.SUFFIXES:
#  Implicit rule search has not been done.
#  Modification time never checked.
#  File has not been updated.

get_next_line_utils_bonus.o: get_next_line_utils_bonus.c
#  Implicit rule search has been done.
#  Implicit/static pattern stem: `get_next_line_utils_bonus'
#  Last modified 2022-08-28 17:22:02
#  File has been updated.
#  Successfully updated.
# variable set hash-table stats:
# Load=0/32=0%, Rehash=0, Collisions=0/0=0%
#  commands to execute (from `Makefile', line 35):
	$(CC) $(CFLAGS) -c $^ -o $@
	

# Not a target:
Makefile:
#  Implicit rule search has been done.
#  Last modified 2022-08-28 17:22:13
#  File has been updated.
#  Successfully updated.
# variable set hash-table stats:
# Load=0/32=0%, Rehash=0, Collisions=0/0=0%

draw_line.o: draw_line.c
#  Implicit rule search has been done.
#  Implicit/static pattern stem: `draw_line'
#  Last modified 2022-08-28 17:22:02
#  File has been updated.
#  Successfully updated.
# variable set hash-table stats:
# Load=0/32=0%, Rehash=0, Collisions=0/0=0%
#  commands to execute (from `Makefile', line 35):
	$(CC) $(CFLAGS) -c $^ -o $@
	

# Not a target:
make_xy.o:
#  Implicit rule search has not been done.
#  Modification time never checked.
#  File has not been updated.

fclean: clean
#  Phony target (prerequisite of .PHONY).
#  Implicit rule search has not been done.
#  File does not exist.
#  File has not been updated.
#  commands to execute (from `Makefile', line 41):
	$(RM) $(NAME)
	

# Not a target:
projection.c:
#  Implicit rule search has been done.
#  Last modified 2022-08-28 17:21:59
#  File has been updated.
#  Successfully updated.
# variable set hash-table stats:
# Load=0/32=0%, Rehash=0, Collisions=0/0=0%

# Not a target:
position_setting.o:
#  Implicit rule search has not been done.
#  Modification time never checked.
#  File has not been updated.

# Not a target:
.DEFAULT:
#  Implicit rule search has not been done.
#  Modification time never checked.
#  File has not been updated.

# Not a target:
get_next_line_utils_bonus.c:
#  Implicit rule search has been done.
#  Last modified 2022-08-17 12:08:21
#  File has been updated.
#  Successfully updated.
# variable set hash-table stats:
# Load=0/32=0%, Rehash=0, Collisions=0/0=0%

get_next_line_bonus.o: get_next_line_bonus.c
#  Implicit rule search has been done.
#  Implicit/static pattern stem: `get_next_line_bonus'
#  Last modified 2022-08-28 17:22:02
#  File has been updated.
#  Successfully updated.
# variable set hash-table stats:
# Load=0/32=0%, Rehash=0, Collisions=0/0=0%
#  commands to execute (from `Makefile', line 35):
	$(CC) $(CFLAGS) -c $^ -o $@
	

# Not a target:
draw_line.c:
#  Implicit rule search has been done.
#  Last modified 2022-08-28 16:59:07
#  File has been updated.
#  Successfully updated.
# variable set hash-table stats:
# Load=0/32=0%, Rehash=0, Collisions=0/0=0%

re:
#  Phony target (prerequisite of .PHONY).
#  Implicit rule search has not been done.
#  File does not exist.
#  File has not been updated.
#  commands to execute (from `Makefile', line 44):
	make fclean
	make all
	

fdf_main.o: fdf_main.c
#  Implicit rule search has been done.
#  Implicit/static pattern stem: `fdf_main'
#  Last modified 2022-08-28 17:22:02
#  File has been updated.
#  Successfully updated.
# variable set hash-table stats:
# Load=0/32=0%, Rehash=0, Collisions=0/0=0%
#  commands to execute (from `Makefile', line 35):
	$(CC) $(CFLAGS) -c $^ -o $@
	

make_arr.o: make_arr.c
#  Implicit rule search has been done.
#  Implicit/static pattern stem: `make_arr'
#  File does not exist.
#  File has been updated.
#  Needs to be updated (-q is set).
# automatic
# @ := make_arr.o
# automatic
# % := 
# automatic
# * := make_arr
# automatic
# + := make_arr.c
# automatic
# | := 
# automatic
# < := make_arr.c
# automatic
# ^ := make_arr.c
# automatic
# ? := make_arr.c
# variable set hash-table stats:
# Load=8/32=25%, Rehash=0, Collisions=1/14=7%
#  commands to execute (from `Makefile', line 35):
	$(CC) $(CFLAGS) -c $^ -o $@
	

clean:
#  Phony target (prerequisite of .PHONY).
#  Implicit rule search has not been done.
#  File does not exist.
#  File has not been updated.
#  commands to execute (from `Makefile', line 38):
	$(RM) $(OBJS)
	

create_map.o: create_map.c
#  Implicit rule search has been done.
#  Implicit/static pattern stem: `create_map'
#  Last modified 2022-08-28 17:22:02
#  File has been updated.
#  Successfully updated.
# variable set hash-table stats:
# Load=0/32=0%, Rehash=0, Collisions=0/0=0%
#  commands to execute (from `Makefile', line 35):
	$(CC) $(CFLAGS) -c $^ -o $@
	

list.o: list.c
#  Implicit rule search has been done.
#  Implicit/static pattern stem: `list'
#  Last modified 2022-08-28 17:22:19
#  File has been updated.
#  Successfully updated.
# variable set hash-table stats:
# Load=0/32=0%, Rehash=0, Collisions=0/0=0%
#  commands to execute (from `Makefile', line 35):
	$(CC) $(CFLAGS) -c $^ -o $@
	

# Not a target:
utils.o:
#  Implicit rule search has not been done.
#  Modification time never checked.
#  File has not been updated.

# Not a target:
draw.c:
#  Implicit rule search has been done.
#  Last modified 2022-08-28 17:09:44
 
#  File has been updated.
#  Successfully updated.
# variable set hash-table stats:
# Load=0/32=0%, Rehash=0, Collisions=0/0=0%

draw.o: draw.c
#  Implicit rule search has been done.
#  Implicit/static pattern stem: `draw'
#  Last modified 2022-08-28 17:22:02
#  File has been updated.
#  Successfully updated.
# variable set hash-table stats:
# Load=0/32=0%, Rehash=0, Collisions=0/0=0%
#  commands to execute (from `Makefile', line 35):
	$(CC) $(CFLAGS) -c $^ -o $@
	

# Not a target:
split.o:
#  Implicit rule search has not been done.
#  Modification time never checked.
#  File has not been updated.

key_input.o: key_input.c
#  Implicit rule search has been done.
#  Implicit/static pattern stem: `key_input'
#  Last modified 2022-08-28 17:22:02
#  File has been updated.
#  Successfully updated.
# variable set hash-table stats:
# Load=0/32=0%, Rehash=0, Collisions=0/0=0%
#  commands to execute (from `Makefile', line 35):
	$(CC) $(CFLAGS) -c $^ -o $@
	

ft_atoi.o: ft_atoi.c
#  Implicit rule search has been done.
#  Implicit/static pattern stem: `ft_atoi'
#  Last modified 2022-08-28 17:22:02
#  File has been updated.
#  Successfully updated.
# variable set hash-table stats:
# Load=0/32=0%, Rehash=0, Collisions=0/0=0%
#  commands to execute (from `Makefile', line 35):
	$(CC) $(CFLAGS) -c $^ -o $@
	

fdf: create_map.o draw_line.o draw.o fdf_main.o ft_atoi.o get_next_line_bonus.o get_next_line_utils_bonus.o projection.o key_input.o list.o make_arr.o make_xy.o position_setting.o rotate.o split.o utils.o
#  Implicit rule search has not been done.
#  File does not exist.
#  File has been updated.
#  Needs to be updated (-q is set).
# variable set hash-table stats:
# Load=0/32=0%, Rehash=0, Collisions=0/4=0%
#  commands to execute (from `Makefile', line 32):
	$(CC) $^ -o $(NAME) -Lminilibx -lmlx -framework OpenGL -framework Appkit
	

# Not a target:
get_next_line_bonus.c:
#  Implicit rule search has been done.
#  Last modified 2022-08-20 16:30:10
#  File has been updated.
#  Successfully updated.
# variable set hash-table stats:
# Load=0/32=0%, Rehash=0, Collisions=0/0=0%

# files hash-table stats:
# Load=36/1024=4%, Rehash=0, Collisions=3/104=3%
# VPATH Search Paths

# No `vpath' search paths.

# No general (`VPATH' variable) search path.

# # of strings in strcache: 1
# # of strcache buffers: 1
# strcache size: total = 4096 / max = 4096 / min = 4096 / avg = 4096
# strcache free: total = 4087 / max = 4087 / min = 4087 / avg = 4087

# Finished Make data base on Sun Aug 28 17:22:38 2022

 
